<?xml version="1.0" encoding="UTF-8"?>
<testsuite xmlns:xsi="http://www.w3.org/2001/XMLSchema-instance" xsi:noNamespaceSchemaLocation="https://maven.apache.org/surefire/maven-surefire-plugin/xsd/surefire-test-report-3.0.xsd" version="3.0" name="praktikum.BurgerTest" time="0.145" tests="8" errors="0" skipped="0" failures="0">
  <properties>
[...]
</properties>
  <testcase name="addIngredient_shouldAddToList" classname="praktikum.BurgerTest" time="0.026"/>
  <testcase name="getPrice_withoutIngredients_shouldBeDoubleBunPrice" classname="praktikum.BurgerTest" time="0.0"/>
  <testcase name="getReceipt_shouldContainBunsIngredientsAndPrice" classname="praktikum.BurgerTest" time="0.0"/>
  <testcase name="emptyBurger_shouldHaveZeroIngredients" classname="praktikum.BurgerTest" time="0.0"/>
  <testcase name="removeIngredient_shouldRemoveFromList" classname="praktikum.BurgerTest" time="0.0"/>
  <testcase name="setBuns_shouldAssignBun" classname="praktikum.BurgerTest" time="0.0"/>
  <testcase name="getPrice_shouldSumBunsAndIngredients" classname="praktikum.BurgerTest" time="0.0"/>
  <testcase name="moveIngredient_shouldChangeOrder" classname="praktikum.BurgerTest" time="0.001"/>
</testsuite>